mode: set
github.com/11SF/dogjohn-be/app/identityflow/auth_handler.go:24.48,28.47 3 1
github.com/11SF/dogjohn-be/app/identityflow/auth_handler.go:28.47,36.3 2 1
github.com/11SF/dogjohn-be/app/identityflow/auth_handler.go:39.2,42.16 2 1
github.com/11SF/dogjohn-be/app/identityflow/auth_handler.go:42.16,50.3 2 1
github.com/11SF/dogjohn-be/app/identityflow/auth_handler.go:52.2,52.30 1 1
github.com/11SF/dogjohn-be/app/identityflow/auth_handler.go:52.30,59.3 2 1
github.com/11SF/dogjohn-be/app/identityflow/auth_handler.go:61.2,61.39 1 1
github.com/11SF/dogjohn-be/app/identityflow/auth_handler.go:61.39,68.3 2 1
github.com/11SF/dogjohn-be/app/identityflow/auth_handler.go:70.2,76.24 5 1
github.com/11SF/dogjohn-be/app/identityflow/auth_handler.go:76.24,82.17 2 1
github.com/11SF/dogjohn-be/app/identityflow/auth_handler.go:82.17,90.4 2 1
github.com/11SF/dogjohn-be/app/identityflow/auth_handler.go:92.3,92.38 1 1
github.com/11SF/dogjohn-be/app/identityflow/auth_handler.go:92.38,99.4 2 0
github.com/11SF/dogjohn-be/app/identityflow/auth_handler.go:101.3,109.17 3 1
github.com/11SF/dogjohn-be/app/identityflow/auth_handler.go:109.17,117.4 2 1
github.com/11SF/dogjohn-be/app/identityflow/auth_handler.go:119.3,119.35 1 1
github.com/11SF/dogjohn-be/app/identityflow/auth_handler.go:119.35,126.4 2 0
github.com/11SF/dogjohn-be/app/identityflow/auth_handler.go:128.3,129.71 2 1
github.com/11SF/dogjohn-be/app/identityflow/auth_handler.go:133.2,138.16 2 1
github.com/11SF/dogjohn-be/app/identityflow/auth_handler.go:138.16,146.3 2 1
github.com/11SF/dogjohn-be/app/identityflow/auth_handler.go:148.2,148.27 1 1
github.com/11SF/dogjohn-be/app/identityflow/auth_handler.go:148.27,155.3 2 1
github.com/11SF/dogjohn-be/app/identityflow/auth_handler.go:157.2,157.36 1 1
github.com/11SF/dogjohn-be/app/identityflow/auth_handler.go:157.36,164.3 2 1
github.com/11SF/dogjohn-be/app/identityflow/auth_handler.go:166.2,177.4 1 1
github.com/11SF/dogjohn-be/app/identityflow/get_member_handler.go:27.45,31.16 3 0
github.com/11SF/dogjohn-be/app/identityflow/get_member_handler.go:31.16,39.3 2 0
github.com/11SF/dogjohn-be/app/identityflow/get_member_handler.go:41.2,44.16 2 0
github.com/11SF/dogjohn-be/app/identityflow/get_member_handler.go:44.16,52.3 2 0
github.com/11SF/dogjohn-be/app/identityflow/get_member_handler.go:54.2,54.22 1 0
github.com/11SF/dogjohn-be/app/identityflow/get_member_handler.go:54.22,61.3 2 0
github.com/11SF/dogjohn-be/app/identityflow/get_member_handler.go:63.2,63.31 1 0
github.com/11SF/dogjohn-be/app/identityflow/get_member_handler.go:63.31,70.3 2 0
github.com/11SF/dogjohn-be/app/identityflow/get_member_handler.go:72.2,87.4 2 0
github.com/11SF/dogjohn-be/app/identityflow/get_organization_handler.go:27.51,31.16 3 0
github.com/11SF/dogjohn-be/app/identityflow/get_organization_handler.go:31.16,39.3 2 0
github.com/11SF/dogjohn-be/app/identityflow/get_organization_handler.go:41.2,44.16 2 0
github.com/11SF/dogjohn-be/app/identityflow/get_organization_handler.go:44.16,52.3 2 0
github.com/11SF/dogjohn-be/app/identityflow/get_organization_handler.go:54.2,54.22 1 0
github.com/11SF/dogjohn-be/app/identityflow/get_organization_handler.go:54.22,61.3 2 0
github.com/11SF/dogjohn-be/app/identityflow/get_organization_handler.go:63.2,63.31 1 0
github.com/11SF/dogjohn-be/app/identityflow/get_organization_handler.go:63.31,70.3 2 0
github.com/11SF/dogjohn-be/app/identityflow/get_organization_handler.go:72.2,87.4 2 0
github.com/11SF/dogjohn-be/app/identityflow/handler.go:19.45,25.2 1 1
github.com/11SF/dogjohn-be/app/identityflow/access/auth_client.go:22.68,27.2 1 0
github.com/11SF/dogjohn-be/app/identityflow/access/auth_client.go:69.155,72.2 2 0
github.com/11SF/dogjohn-be/app/identityflow/access/auth_client.go:74.140,77.2 2 0
github.com/11SF/dogjohn-be/app/identityflow/access/member_client.go:24.72,29.2 1 0
github.com/11SF/dogjohn-be/app/identityflow/access/member_client.go:45.139,48.2 2 0
github.com/11SF/dogjohn-be/app/identityflow/access/member_client.go:61.154,64.2 2 0
github.com/11SF/dogjohn-be/app/identityflow/access/organization_client.go:24.84,29.2 1 0
github.com/11SF/dogjohn-be/app/identityflow/access/organization_client.go:52.172,55.2 2 0
github.com/11SF/dogjohn-be/app/identityflow/access/organization_client.go:71.178,74.2 2 0
github.com/11SF/dogjohn-be/app/identityflow/access/mocks/mocks.go:21.20,25.19 3 1
github.com/11SF/dogjohn-be/app/identityflow/access/mocks/mocks.go:25.19,25.49 1 1
github.com/11SF/dogjohn-be/app/identityflow/access/mocks/mocks.go:27.2,27.13 1 1
github.com/11SF/dogjohn-be/app/identityflow/access/mocks/mocks.go:39.61,41.2 1 1
github.com/11SF/dogjohn-be/app/identityflow/access/mocks/mocks.go:44.162,47.19 2 1
github.com/11SF/dogjohn-be/app/identityflow/access/mocks/mocks.go:47.19,48.52 1 0
github.com/11SF/dogjohn-be/app/identityflow/access/mocks/mocks.go:51.2,53.158 3 1
github.com/11SF/dogjohn-be/app/identityflow/access/mocks/mocks.go:53.158,55.3 1 0
github.com/11SF/dogjohn-be/app/identityflow/access/mocks/mocks.go:56.2,56.149 1 1
github.com/11SF/dogjohn-be/app/identityflow/access/mocks/mocks.go:56.149,58.3 1 0
github.com/11SF/dogjohn-be/app/identityflow/access/mocks/mocks.go:58.8,60.3 1 1
github.com/11SF/dogjohn-be/app/identityflow/access/mocks/mocks.go:61.2,61.94 1 1
github.com/11SF/dogjohn-be/app/identityflow/access/mocks/mocks.go:61.94,63.3 1 0
github.com/11SF/dogjohn-be/app/identityflow/access/mocks/mocks.go:63.8,65.3 1 1
github.com/11SF/dogjohn-be/app/identityflow/access/mocks/mocks.go:66.2,66.15 1 1
github.com/11SF/dogjohn-be/app/identityflow/access/mocks/mocks.go:77.113,79.2 1 1
github.com/11SF/dogjohn-be/app/identityflow/access/mocks/mocks.go:81.140,82.40 1 0
github.com/11SF/dogjohn-be/app/identityflow/access/mocks/mocks.go:82.40,84.21 2 0
github.com/11SF/dogjohn-be/app/identityflow/access/mocks/mocks.go:84.21,86.4 1 0
github.com/11SF/dogjohn-be/app/identityflow/access/mocks/mocks.go:87.3,88.21 2 0
github.com/11SF/dogjohn-be/app/identityflow/access/mocks/mocks.go:88.21,90.4 1 0
github.com/11SF/dogjohn-be/app/identityflow/access/mocks/mocks.go:91.3,94.4 1 0
github.com/11SF/dogjohn-be/app/identityflow/access/mocks/mocks.go:96.2,96.11 1 0
github.com/11SF/dogjohn-be/app/identityflow/access/mocks/mocks.go:99.164,102.2 2 1
github.com/11SF/dogjohn-be/app/identityflow/access/mocks/mocks.go:104.219,107.2 2 0
github.com/11SF/dogjohn-be/app/identityflow/access/mocks/mocks.go:110.177,113.19 2 1
github.com/11SF/dogjohn-be/app/identityflow/access/mocks/mocks.go:113.19,114.57 1 0
github.com/11SF/dogjohn-be/app/identityflow/access/mocks/mocks.go:117.2,119.168 3 1
github.com/11SF/dogjohn-be/app/identityflow/access/mocks/mocks.go:119.168,121.3 1 0
github.com/11SF/dogjohn-be/app/identityflow/access/mocks/mocks.go:122.2,122.159 1 1
github.com/11SF/dogjohn-be/app/identityflow/access/mocks/mocks.go:122.159,124.3 1 0
github.com/11SF/dogjohn-be/app/identityflow/access/mocks/mocks.go:124.8,126.3 1 1
github.com/11SF/dogjohn-be/app/identityflow/access/mocks/mocks.go:127.2,127.99 1 1
github.com/11SF/dogjohn-be/app/identityflow/access/mocks/mocks.go:127.99,129.3 1 0
github.com/11SF/dogjohn-be/app/identityflow/access/mocks/mocks.go:129.8,131.3 1 1
github.com/11SF/dogjohn-be/app/identityflow/access/mocks/mocks.go:132.2,132.15 1 1
github.com/11SF/dogjohn-be/app/identityflow/access/mocks/mocks.go:143.123,145.2 1 1
github.com/11SF/dogjohn-be/app/identityflow/access/mocks/mocks.go:147.155,148.40 1 0
github.com/11SF/dogjohn-be/app/identityflow/access/mocks/mocks.go:148.40,150.21 2 0
github.com/11SF/dogjohn-be/app/identityflow/access/mocks/mocks.go:150.21,152.4 1 0
github.com/11SF/dogjohn-be/app/identityflow/access/mocks/mocks.go:153.3,154.21 2 0
github.com/11SF/dogjohn-be/app/identityflow/access/mocks/mocks.go:154.21,156.4 1 0
github.com/11SF/dogjohn-be/app/identityflow/access/mocks/mocks.go:157.3,160.4 1 0
github.com/11SF/dogjohn-be/app/identityflow/access/mocks/mocks.go:162.2,162.11 1 0
github.com/11SF/dogjohn-be/app/identityflow/access/mocks/mocks.go:165.179,168.2 2 1
github.com/11SF/dogjohn-be/app/identityflow/access/mocks/mocks.go:170.239,173.2 2 0
github.com/11SF/dogjohn-be/app/identityflow/access/mocks/mocks.go:180.22,184.19 3 1
github.com/11SF/dogjohn-be/app/identityflow/access/mocks/mocks.go:184.19,184.49 1 1
github.com/11SF/dogjohn-be/app/identityflow/access/mocks/mocks.go:186.2,186.13 1 1
github.com/11SF/dogjohn-be/app/identityflow/access/mocks/mocks.go:198.65,200.2 1 1
github.com/11SF/dogjohn-be/app/identityflow/access/mocks/mocks.go:203.161,206.19 2 0
github.com/11SF/dogjohn-be/app/identityflow/access/mocks/mocks.go:206.19,207.47 1 0
github.com/11SF/dogjohn-be/app/identityflow/access/mocks/mocks.go:210.2,212.160 3 0
github.com/11SF/dogjohn-be/app/identityflow/access/mocks/mocks.go:212.160,214.3 1 0
github.com/11SF/dogjohn-be/app/identityflow/access/mocks/mocks.go:215.2,215.151 1 0
github.com/11SF/dogjohn-be/app/identityflow/access/mocks/mocks.go:215.151,217.3 1 0
github.com/11SF/dogjohn-be/app/identityflow/access/mocks/mocks.go:217.8,219.3 1 0
github.com/11SF/dogjohn-be/app/identityflow/access/mocks/mocks.go:220.2,220.95 1 0
github.com/11SF/dogjohn-be/app/identityflow/access/mocks/mocks.go:220.95,222.3 1 0
github.com/11SF/dogjohn-be/app/identityflow/access/mocks/mocks.go:222.8,224.3 1 0
github.com/11SF/dogjohn-be/app/identityflow/access/mocks/mocks.go:225.2,225.15 1 0
github.com/11SF/dogjohn-be/app/identityflow/access/mocks/mocks.go:236.107,238.2 1 0
github.com/11SF/dogjohn-be/app/identityflow/access/mocks/mocks.go:240.135,241.40 1 0
github.com/11SF/dogjohn-be/app/identityflow/access/mocks/mocks.go:241.40,243.21 2 0
github.com/11SF/dogjohn-be/app/identityflow/access/mocks/mocks.go:243.21,245.4 1 0
github.com/11SF/dogjohn-be/app/identityflow/access/mocks/mocks.go:246.3,247.21 2 0
github.com/11SF/dogjohn-be/app/identityflow/access/mocks/mocks.go:247.21,249.4 1 0
github.com/11SF/dogjohn-be/app/identityflow/access/mocks/mocks.go:250.3,253.4 1 0
github.com/11SF/dogjohn-be/app/identityflow/access/mocks/mocks.go:255.2,255.11 1 0
github.com/11SF/dogjohn-be/app/identityflow/access/mocks/mocks.go:258.159,261.2 2 0
github.com/11SF/dogjohn-be/app/identityflow/access/mocks/mocks.go:263.215,266.2 2 0
github.com/11SF/dogjohn-be/app/identityflow/access/mocks/mocks.go:269.176,272.19 2 1
github.com/11SF/dogjohn-be/app/identityflow/access/mocks/mocks.go:272.19,273.56 1 0
github.com/11SF/dogjohn-be/app/identityflow/access/mocks/mocks.go:276.2,278.166 3 1
github.com/11SF/dogjohn-be/app/identityflow/access/mocks/mocks.go:278.166,280.3 1 0
github.com/11SF/dogjohn-be/app/identityflow/access/mocks/mocks.go:281.2,281.157 1 1
github.com/11SF/dogjohn-be/app/identityflow/access/mocks/mocks.go:281.157,283.3 1 0
github.com/11SF/dogjohn-be/app/identityflow/access/mocks/mocks.go:283.8,285.3 1 1
github.com/11SF/dogjohn-be/app/identityflow/access/mocks/mocks.go:286.2,286.98 1 1
github.com/11SF/dogjohn-be/app/identityflow/access/mocks/mocks.go:286.98,288.3 1 0
github.com/11SF/dogjohn-be/app/identityflow/access/mocks/mocks.go:288.8,290.3 1 1
github.com/11SF/dogjohn-be/app/identityflow/access/mocks/mocks.go:291.2,291.15 1 1
github.com/11SF/dogjohn-be/app/identityflow/access/mocks/mocks.go:302.125,304.2 1 1
github.com/11SF/dogjohn-be/app/identityflow/access/mocks/mocks.go:306.156,307.40 1 0
github.com/11SF/dogjohn-be/app/identityflow/access/mocks/mocks.go:307.40,309.21 2 0
github.com/11SF/dogjohn-be/app/identityflow/access/mocks/mocks.go:309.21,311.4 1 0
github.com/11SF/dogjohn-be/app/identityflow/access/mocks/mocks.go:312.3,313.21 2 0
github.com/11SF/dogjohn-be/app/identityflow/access/mocks/mocks.go:313.21,315.4 1 0
github.com/11SF/dogjohn-be/app/identityflow/access/mocks/mocks.go:316.3,319.4 1 0
github.com/11SF/dogjohn-be/app/identityflow/access/mocks/mocks.go:321.2,321.11 1 0
github.com/11SF/dogjohn-be/app/identityflow/access/mocks/mocks.go:324.180,327.2 2 1
github.com/11SF/dogjohn-be/app/identityflow/access/mocks/mocks.go:329.239,332.2 2 0
github.com/11SF/dogjohn-be/app/identityflow/access/mocks/mocks.go:339.28,343.19 3 1
github.com/11SF/dogjohn-be/app/identityflow/access/mocks/mocks.go:343.19,343.49 1 1
github.com/11SF/dogjohn-be/app/identityflow/access/mocks/mocks.go:345.2,345.13 1 1
github.com/11SF/dogjohn-be/app/identityflow/access/mocks/mocks.go:357.77,359.2 1 1
github.com/11SF/dogjohn-be/app/identityflow/access/mocks/mocks.go:362.194,365.19 2 0
github.com/11SF/dogjohn-be/app/identityflow/access/mocks/mocks.go:365.19,366.52 1 0
github.com/11SF/dogjohn-be/app/identityflow/access/mocks/mocks.go:369.2,371.182 3 0
github.com/11SF/dogjohn-be/app/identityflow/access/mocks/mocks.go:371.182,373.3 1 0
github.com/11SF/dogjohn-be/app/identityflow/access/mocks/mocks.go:374.2,374.173 1 0
github.com/11SF/dogjohn-be/app/identityflow/access/mocks/mocks.go:374.173,376.3 1 0
github.com/11SF/dogjohn-be/app/identityflow/access/mocks/mocks.go:376.8,378.3 1 0
github.com/11SF/dogjohn-be/app/identityflow/access/mocks/mocks.go:379.2,379.106 1 0
github.com/11SF/dogjohn-be/app/identityflow/access/mocks/mocks.go:379.106,381.3 1 0
github.com/11SF/dogjohn-be/app/identityflow/access/mocks/mocks.go:381.8,383.3 1 0
github.com/11SF/dogjohn-be/app/identityflow/access/mocks/mocks.go:384.2,384.15 1 0
github.com/11SF/dogjohn-be/app/identityflow/access/mocks/mocks.go:395.129,397.2 1 0
github.com/11SF/dogjohn-be/app/identityflow/access/mocks/mocks.go:399.168,400.40 1 0
github.com/11SF/dogjohn-be/app/identityflow/access/mocks/mocks.go:400.40,402.21 2 0
github.com/11SF/dogjohn-be/app/identityflow/access/mocks/mocks.go:402.21,404.4 1 0
github.com/11SF/dogjohn-be/app/identityflow/access/mocks/mocks.go:405.3,406.21 2 0
github.com/11SF/dogjohn-be/app/identityflow/access/mocks/mocks.go:406.21,408.4 1 0
github.com/11SF/dogjohn-be/app/identityflow/access/mocks/mocks.go:409.3,412.4 1 0
github.com/11SF/dogjohn-be/app/identityflow/access/mocks/mocks.go:414.2,414.11 1 0
github.com/11SF/dogjohn-be/app/identityflow/access/mocks/mocks.go:417.192,420.2 2 0
github.com/11SF/dogjohn-be/app/identityflow/access/mocks/mocks.go:422.259,425.2 2 0
github.com/11SF/dogjohn-be/app/identityflow/access/mocks/mocks.go:428.200,431.19 2 1
github.com/11SF/dogjohn-be/app/identityflow/access/mocks/mocks.go:431.19,432.62 1 0
github.com/11SF/dogjohn-be/app/identityflow/access/mocks/mocks.go:435.2,437.178 3 1
github.com/11SF/dogjohn-be/app/identityflow/access/mocks/mocks.go:437.178,439.3 1 0
github.com/11SF/dogjohn-be/app/identityflow/access/mocks/mocks.go:440.2,440.169 1 1
github.com/11SF/dogjohn-be/app/identityflow/access/mocks/mocks.go:440.169,442.3 1 0
github.com/11SF/dogjohn-be/app/identityflow/access/mocks/mocks.go:442.8,444.3 1 1
github.com/11SF/dogjohn-be/app/identityflow/access/mocks/mocks.go:445.2,445.104 1 1
github.com/11SF/dogjohn-be/app/identityflow/access/mocks/mocks.go:445.104,447.3 1 0
github.com/11SF/dogjohn-be/app/identityflow/access/mocks/mocks.go:447.8,449.3 1 1
github.com/11SF/dogjohn-be/app/identityflow/access/mocks/mocks.go:450.2,450.15 1 1
github.com/11SF/dogjohn-be/app/identityflow/access/mocks/mocks.go:461.149,463.2 1 1
github.com/11SF/dogjohn-be/app/identityflow/access/mocks/mocks.go:465.186,466.40 1 0
github.com/11SF/dogjohn-be/app/identityflow/access/mocks/mocks.go:466.40,468.21 2 0
github.com/11SF/dogjohn-be/app/identityflow/access/mocks/mocks.go:468.21,470.4 1 0
github.com/11SF/dogjohn-be/app/identityflow/access/mocks/mocks.go:471.3,472.21 2 0
github.com/11SF/dogjohn-be/app/identityflow/access/mocks/mocks.go:472.21,474.4 1 0
github.com/11SF/dogjohn-be/app/identityflow/access/mocks/mocks.go:475.3,478.4 1 0
github.com/11SF/dogjohn-be/app/identityflow/access/mocks/mocks.go:480.2,480.11 1 0
github.com/11SF/dogjohn-be/app/identityflow/access/mocks/mocks.go:483.210,486.2 2 1
github.com/11SF/dogjohn-be/app/identityflow/access/mocks/mocks.go:488.275,491.2 2 0
