mode: atomic
github.com/11SF/dogjohn-be/app/feeder/feeder_handler.go:15.57,19.16 3 3
github.com/11SF/dogjohn-be/app/feeder/feeder_handler.go:19.16,23.3 2 1
github.com/11SF/dogjohn-be/app/feeder/feeder_handler.go:25.2,28.4 1 2
github.com/11SF/dogjohn-be/app/feeder/handler.go:15.45,19.2 1 3
github.com/11SF/dogjohn-be/app/payment/handler.go:15.45,19.2 1 2
github.com/11SF/dogjohn-be/app/payment/payment_handler.go:21.53,25.16 3 2
github.com/11SF/dogjohn-be/app/payment/payment_handler.go:25.16,29.3 2 1
github.com/11SF/dogjohn-be/app/payment/payment_handler.go:31.2,32.32 2 1
github.com/11SF/dogjohn-be/app/payment/payment_handler.go:32.32,34.3 1 3
github.com/11SF/dogjohn-be/app/payment/payment_handler.go:36.2,39.4 1 1
github.com/11SF/dogjohn-be/app/order/handler.go:25.45,33.2 1 27
github.com/11SF/dogjohn-be/app/order/order_get_handler.go:26.44,31.40 4 3
github.com/11SF/dogjohn-be/app/order/order_get_handler.go:31.40,35.3 2 1
github.com/11SF/dogjohn-be/app/order/order_get_handler.go:36.2,36.16 1 2
github.com/11SF/dogjohn-be/app/order/order_get_handler.go:36.16,40.3 2 1
github.com/11SF/dogjohn-be/app/order/order_get_handler.go:42.2,52.4 1 1
github.com/11SF/dogjohn-be/app/order/order_get_handler.go:65.81,76.2 1 1
github.com/11SF/dogjohn-be/app/order/order_history_handler.go:20.51,26.36 4 3
github.com/11SF/dogjohn-be/app/order/order_history_handler.go:26.36,27.44 1 2
github.com/11SF/dogjohn-be/app/order/order_history_handler.go:27.44,29.4 1 2
github.com/11SF/dogjohn-be/app/order/order_history_handler.go:31.2,31.37 1 3
github.com/11SF/dogjohn-be/app/order/order_history_handler.go:31.37,32.44 1 2
github.com/11SF/dogjohn-be/app/order/order_history_handler.go:32.44,34.4 1 2
github.com/11SF/dogjohn-be/app/order/order_history_handler.go:37.2,41.16 2 3
github.com/11SF/dogjohn-be/app/order/order_history_handler.go:41.16,45.3 2 1
github.com/11SF/dogjohn-be/app/order/order_history_handler.go:47.2,48.96 1 2
github.com/11SF/dogjohn-be/app/order/order_history_handler.go:48.96,50.4 1 1
github.com/11SF/dogjohn-be/app/order/order_submit_handler.go:22.47,28.19 4 19
github.com/11SF/dogjohn-be/app/order/order_submit_handler.go:28.19,33.3 3 1
github.com/11SF/dogjohn-be/app/order/order_submit_handler.go:35.2,35.24 1 18
github.com/11SF/dogjohn-be/app/order/order_submit_handler.go:35.24,37.3 1 1
github.com/11SF/dogjohn-be/app/order/order_submit_handler.go:39.2,40.16 2 18
github.com/11SF/dogjohn-be/app/order/order_submit_handler.go:40.16,45.3 3 1
github.com/11SF/dogjohn-be/app/order/order_submit_handler.go:47.2,48.16 2 17
github.com/11SF/dogjohn-be/app/order/order_submit_handler.go:48.16,53.3 3 0
github.com/11SF/dogjohn-be/app/order/order_submit_handler.go:54.2,57.16 3 17
github.com/11SF/dogjohn-be/app/order/order_submit_handler.go:57.16,62.3 3 0
github.com/11SF/dogjohn-be/app/order/order_submit_handler.go:65.2,70.16 2 17
github.com/11SF/dogjohn-be/app/order/order_submit_handler.go:70.16,75.3 3 1
github.com/11SF/dogjohn-be/app/order/order_submit_handler.go:77.2,78.16 2 16
github.com/11SF/dogjohn-be/app/order/order_submit_handler.go:78.16,83.3 3 1
github.com/11SF/dogjohn-be/app/order/order_submit_handler.go:85.2,85.24 1 15
github.com/11SF/dogjohn-be/app/order/order_submit_handler.go:85.24,90.3 3 1
github.com/11SF/dogjohn-be/app/order/order_submit_handler.go:92.2,93.16 2 14
github.com/11SF/dogjohn-be/app/order/order_submit_handler.go:93.16,98.3 3 1
github.com/11SF/dogjohn-be/app/order/order_submit_handler.go:100.2,101.34 2 13
github.com/11SF/dogjohn-be/app/order/order_submit_handler.go:101.34,108.17 2 12
github.com/11SF/dogjohn-be/app/order/order_submit_handler.go:108.17,114.4 4 1
github.com/11SF/dogjohn-be/app/order/order_submit_handler.go:117.3,117.91 1 11
github.com/11SF/dogjohn-be/app/order/order_submit_handler.go:117.91,119.4 1 1
github.com/11SF/dogjohn-be/app/order/order_submit_handler.go:122.3,122.27 1 11
github.com/11SF/dogjohn-be/app/order/order_submit_handler.go:122.27,128.4 4 1
github.com/11SF/dogjohn-be/app/order/order_submit_handler.go:130.3,136.42 5 10
github.com/11SF/dogjohn-be/app/order/order_submit_handler.go:136.42,142.4 4 1
github.com/11SF/dogjohn-be/app/order/order_submit_handler.go:144.3,144.84 1 9
github.com/11SF/dogjohn-be/app/order/order_submit_handler.go:144.84,150.4 4 1
github.com/11SF/dogjohn-be/app/order/order_submit_handler.go:153.3,154.17 2 8
github.com/11SF/dogjohn-be/app/order/order_submit_handler.go:154.17,160.4 4 1
github.com/11SF/dogjohn-be/app/order/order_submit_handler.go:161.3,161.12 1 7
github.com/11SF/dogjohn-be/app/order/order_submit_handler.go:161.12,167.4 4 1
github.com/11SF/dogjohn-be/app/order/order_submit_handler.go:171.2,171.86 1 7
github.com/11SF/dogjohn-be/app/order/order_submit_handler.go:171.86,176.3 3 1
github.com/11SF/dogjohn-be/app/order/order_submit_handler.go:179.2,179.54 1 6
github.com/11SF/dogjohn-be/app/order/order_submit_handler.go:179.54,181.3 1 1
github.com/11SF/dogjohn-be/app/order/order_submit_handler.go:184.2,184.77 1 6
github.com/11SF/dogjohn-be/app/order/order_submit_handler.go:184.77,186.3 1 1
github.com/11SF/dogjohn-be/app/order/order_submit_handler.go:188.2,188.88 1 6
github.com/11SF/dogjohn-be/app/order/order_summary_handler.go:16.51,20.16 3 2
github.com/11SF/dogjohn-be/app/order/order_summary_handler.go:20.16,24.3 2 1
github.com/11SF/dogjohn-be/app/order/order_summary_handler.go:26.2,30.4 1 1
